2022-07-05 23:53:11,302 CRIT Supervisor is running as root.  Privileges were not dropped because no user is specified in the config file.  If you intend to run as root, you can set user=root in the config file to avoid this message.
2022-07-05 23:53:11,326 INFO supervisord started with pid 1
2022-07-05 23:53:12,329 INFO spawned: 'nginx' with pid 8
2022-07-05 23:53:12,332 INFO spawned: 'php-fpm' with pid 9
2022-07-05 23:53:13,334 INFO success: nginx entered RUNNING state, process has stayed up for > than 1 seconds (startsecs)
2022-07-05 23:53:13,335 INFO success: php-fpm entered RUNNING state, process has stayed up for > than 1 seconds (startsecs)
2022-07-06 02:40:24,148 WARN received SIGINT indicating exit request
2022-07-06 02:40:25,415 INFO waiting for nginx, php-fpm to die
2022-07-06 02:40:28,933 INFO waiting for nginx, php-fpm to die
2022-07-06 02:40:31,888 INFO stopped: php-fpm (exit status 0)
2022-07-06 02:40:32,891 INFO waiting for nginx to die
2022-07-06 02:40:32,933 INFO stopped: nginx (exit status 0)
2022-07-18 03:35:50,174 CRIT Supervisor is running as root.  Privileges were not dropped because no user is specified in the config file.  If you intend to run as root, you can set user=root in the config file to avoid this message.
2022-07-18 03:35:50,181 INFO supervisord started with pid 1
2022-07-18 03:35:51,183 INFO spawned: 'nginx' with pid 9
2022-07-18 03:35:51,186 INFO spawned: 'php-fpm' with pid 10
2022-07-18 03:35:52,285 INFO success: nginx entered RUNNING state, process has stayed up for > than 1 seconds (startsecs)
2022-07-18 03:35:52,285 INFO success: php-fpm entered RUNNING state, process has stayed up for > than 1 seconds (startsecs)
2022-07-18 05:26:25,265 WARN received SIGINT indicating exit request
2022-07-18 05:26:25,321 INFO waiting for nginx, php-fpm to die
2022-07-18 05:26:26,333 INFO stopped: php-fpm (exit status 0)
2022-07-18 05:26:26,645 INFO stopped: nginx (exit status 0)
2022-07-18 20:19:21,405 CRIT Supervisor is running as root.  Privileges were not dropped because no user is specified in the config file.  If you intend to run as root, you can set user=root in the config file to avoid this message.
2022-07-18 20:19:21,442 INFO supervisord started with pid 1
2022-07-18 20:19:22,447 INFO spawned: 'nginx' with pid 8
2022-07-18 20:19:22,450 INFO spawned: 'php-fpm' with pid 9
2022-07-18 20:19:23,451 INFO success: nginx entered RUNNING state, process has stayed up for > than 1 seconds (startsecs)
2022-07-18 20:19:23,451 INFO success: php-fpm entered RUNNING state, process has stayed up for > than 1 seconds (startsecs)
2022-07-18 20:34:10,074 WARN received SIGINT indicating exit request
2022-07-18 20:34:10,074 INFO waiting for nginx, php-fpm to die
2022-07-18 20:34:10,078 INFO stopped: php-fpm (exit status 0)
2022-07-18 20:34:10,123 INFO stopped: nginx (exit status 0)
